[0m12:16:22.680614 [debug] [MainThread]: Sending event: {'category': 'dbt', 'action': 'invocation', 'label': 'start', 'context': [<snowplow_tracker.self_describing_json.SelfDescribingJson object at 0x000001DBEFC367B0>, <snowplow_tracker.self_describing_json.SelfDescribingJson object at 0x000001DBED931D10>, <snowplow_tracker.self_describing_json.SelfDescribingJson object at 0x000001DBF0BC7ED0>]}


============================== 12:16:22.687358 | 92444455-dcbb-4e63-bf47-c869af28a34d ==============================
[0m12:16:22.687358 [info ] [MainThread]: Running with dbt=1.9.6
[0m12:16:22.688342 [debug] [MainThread]: running dbt with arguments {'printer_width': '80', 'indirect_selection': 'eager', 'write_json': 'True', 'log_cache_events': 'False', 'partial_parse': 'True', 'cache_selected_only': 'False', 'warn_error': 'None', 'fail_fast': 'False', 'version_check': 'True', 'log_path': 'logs', 'profiles_dir': 'C:\\Users\\jenny\\.dbt', 'debug': 'False', 'use_colors': 'True', 'use_experimental_parser': 'False', 'empty': 'None', 'quiet': 'False', 'no_print': 'None', 'log_format': 'default', 'introspect': 'True', 'invocation_command': 'dbt init', 'static_parser': 'True', 'target_path': 'None', 'warn_error_options': 'WarnErrorOptions(include=[], exclude=[])', 'send_anonymous_usage_stats': 'True'}
[0m12:16:28.439913 [debug] [MainThread]: Starter project path: c:\Users\jenny\.vscode\dvdrental\.venv\Lib\site-packages\dbt\include\starter_project
[0m12:16:28.461412 [info ] [MainThread]: 
Your new dbt project "dvdrental" was created!

For more information on how to configure the profiles.yml file,
please consult the dbt documentation here:

  https://docs.getdbt.com/docs/configure-your-profile

One more thing:

Need help? Don't hesitate to reach out to us via GitHub issues or on Slack:

  https://community.getdbt.com/

Happy modeling!

[0m12:16:28.468148 [info ] [MainThread]: Setting up your profile.
[0m12:16:32.000210 [debug] [MainThread]: Command `dbt init` succeeded at 12:16:31.999996 after 9.50 seconds
[0m12:16:32.000948 [debug] [MainThread]: Sending event: {'category': 'dbt', 'action': 'invocation', 'label': 'end', 'context': [<snowplow_tracker.self_describing_json.SelfDescribingJson object at 0x000001DBF0C550F0>, <snowplow_tracker.self_describing_json.SelfDescribingJson object at 0x000001DBF1E01C70>, <snowplow_tracker.self_describing_json.SelfDescribingJson object at 0x000001DBF0C4F350>]}
[0m12:16:32.001652 [debug] [MainThread]: Flushing usage events
[0m12:16:32.414809 [debug] [MainThread]: An error was encountered while trying to flush usage events
[0m12:26:16.643619 [debug] [MainThread]: Sending event: {'category': 'dbt', 'action': 'invocation', 'label': 'start', 'context': [<snowplow_tracker.self_describing_json.SelfDescribingJson object at 0x00000245AD3967B0>, <snowplow_tracker.self_describing_json.SelfDescribingJson object at 0x00000245AB091D10>, <snowplow_tracker.self_describing_json.SelfDescribingJson object at 0x00000245AE327ED0>]}


============================== 12:26:16.650411 | 2b34ab42-db13-4122-b9e8-881a6819b0c0 ==============================
[0m12:26:16.650411 [info ] [MainThread]: Running with dbt=1.9.6
[0m12:26:16.651196 [debug] [MainThread]: running dbt with arguments {'printer_width': '80', 'indirect_selection': 'eager', 'write_json': 'True', 'log_cache_events': 'False', 'partial_parse': 'True', 'cache_selected_only': 'False', 'warn_error': 'None', 'fail_fast': 'False', 'version_check': 'True', 'log_path': 'logs', 'profiles_dir': 'C:\\Users\\jenny\\.dbt', 'debug': 'False', 'use_colors': 'True', 'use_experimental_parser': 'False', 'empty': 'None', 'quiet': 'False', 'no_print': 'None', 'warn_error_options': 'WarnErrorOptions(include=[], exclude=[])', 'invocation_command': 'dbt clean', 'log_format': 'default', 'static_parser': 'True', 'target_path': 'None', 'introspect': 'True', 'send_anonymous_usage_stats': 'True'}
[0m12:26:16.651841 [error] [MainThread]: Encountered an error:
Runtime Error
  No dbt_project.yml found at expected path C:\Users\jenny\.vscode\dvdrental\dbt_project.yml
  Verify that each entry within packages.yml (and their transitive dependencies) contains a file named dbt_project.yml
  
[0m12:26:16.653515 [debug] [MainThread]: Command `dbt clean` failed at 12:26:16.653358 after 0.20 seconds
[0m12:26:16.654114 [debug] [MainThread]: Sending event: {'category': 'dbt', 'action': 'invocation', 'label': 'end', 'context': [<snowplow_tracker.self_describing_json.SelfDescribingJson object at 0x00000245AE1DBA80>, <snowplow_tracker.self_describing_json.SelfDescribingJson object at 0x00000245AE34CDD0>, <snowplow_tracker.self_describing_json.SelfDescribingJson object at 0x00000245AE16F460>]}
[0m12:26:16.654529 [debug] [MainThread]: Flushing usage events
[0m12:26:17.090315 [debug] [MainThread]: An error was encountered while trying to flush usage events
